CRITICAL - 2026-03-13 05:25:37 --> ErrorException: session_start(): Ignoring session_start() because a session is already active
[Method: GET, Route: dashboard]
in APPPATH\Views\dashboard.php on line 2.
 1 [internal function]: CodeIgniter\Debug\Exceptions->errorHandler(8, 'session_start(): Ignoring session_start() because a session is already active', 'C:\\xampp\\htdocs\\hotelos\\app\\Views\\dashboard.php', 2)
 2 APPPATH\Views\dashboard.php(2): session_start()
 3 SYSTEMPATH\View\View.php(238): include('C:\\xampp\\htdocs\\hotelos\\app\\Views\\dashboard.php')
 4 SYSTEMPATH\View\View.php(241): CodeIgniter\View\View->CodeIgniter\View\{closure}()
 5 SYSTEMPATH\Common.php(1250): CodeIgniter\View\View->render('dashboard', [], true)
 6 APPPATH\Controllers\Dashboard.php(9): view('dashboard')
 7 SYSTEMPATH\CodeIgniter.php(951): App\Controllers\Dashboard->index()
 8 SYSTEMPATH\CodeIgniter.php(497): CodeIgniter\CodeIgniter->runController(Object(App\Controllers\Dashboard))
 9 SYSTEMPATH\CodeIgniter.php(340): CodeIgniter\CodeIgniter->handleRequest(null, Object(Config\Cache), false)
10 SYSTEMPATH\Boot.php(417): CodeIgniter\CodeIgniter->run()
11 SYSTEMPATH\Boot.php(68): CodeIgniter\Boot::runCodeIgniter(Object(CodeIgniter\CodeIgniter))
12 FCPATH\index.php(59): CodeIgniter\Boot::bootWeb(Object(Config\Paths))
CRITICAL - 2026-03-13 05:51:53 --> CodeIgniter\View\Exceptions\ViewException: Invalid file: "trabajo.php"
[Method: GET, Route: trabajo]
in SYSTEMPATH\Exceptions\FrameworkException.php on line 39.
 1 SYSTEMPATH\View\View.php(226): CodeIgniter\Exceptions\FrameworkException::forInvalidFile('trabajo.php')
 2 SYSTEMPATH\Common.php(1250): CodeIgniter\View\View->render('trabajo', [], true)
 3 APPPATH\Controllers\Trabajo.php(19): view('trabajo', [...])
 4 SYSTEMPATH\CodeIgniter.php(951): App\Controllers\Trabajo->index()
 5 SYSTEMPATH\CodeIgniter.php(497): CodeIgniter\CodeIgniter->runController(Object(App\Controllers\Trabajo))
 6 SYSTEMPATH\CodeIgniter.php(340): CodeIgniter\CodeIgniter->handleRequest(null, Object(Config\Cache), false)
 7 SYSTEMPATH\Boot.php(417): CodeIgniter\CodeIgniter->run()
 8 SYSTEMPATH\Boot.php(68): CodeIgniter\Boot::runCodeIgniter(Object(CodeIgniter\CodeIgniter))
 9 FCPATH\index.php(59): CodeIgniter\Boot::bootWeb(Object(Config\Paths))
CRITICAL - 2026-03-13 05:52:27 --> CodeIgniter\View\Exceptions\ViewException: Invalid file: "trabajo.php"
[Method: GET, Route: trabajo]
in SYSTEMPATH\Exceptions\FrameworkException.php on line 39.
 1 SYSTEMPATH\View\View.php(226): CodeIgniter\Exceptions\FrameworkException::forInvalidFile('trabajo.php')
 2 SYSTEMPATH\Common.php(1250): CodeIgniter\View\View->render('trabajo', [], true)
 3 APPPATH\Controllers\Trabajo.php(19): view('trabajo', [...])
 4 SYSTEMPATH\CodeIgniter.php(951): App\Controllers\Trabajo->index()
 5 SYSTEMPATH\CodeIgniter.php(497): CodeIgniter\CodeIgniter->runController(Object(App\Controllers\Trabajo))
 6 SYSTEMPATH\CodeIgniter.php(340): CodeIgniter\CodeIgniter->handleRequest(null, Object(Config\Cache), false)
 7 SYSTEMPATH\Boot.php(417): CodeIgniter\CodeIgniter->run()
 8 SYSTEMPATH\Boot.php(68): CodeIgniter\Boot::runCodeIgniter(Object(CodeIgniter\CodeIgniter))
 9 FCPATH\index.php(59): CodeIgniter\Boot::bootWeb(Object(Config\Paths))
CRITICAL - 2026-03-13 05:59:58 --> CodeIgniter\View\Exceptions\ViewException: Invalid file: "trabajo.php"
[Method: GET, Route: trabajo]
in SYSTEMPATH\Exceptions\FrameworkException.php on line 39.
 1 SYSTEMPATH\View\View.php(226): CodeIgniter\Exceptions\FrameworkException::forInvalidFile('trabajo.php')
 2 SYSTEMPATH\Common.php(1250): CodeIgniter\View\View->render('trabajo', [], true)
 3 APPPATH\Controllers\Trabajo.php(19): view('trabajo', [...])
 4 SYSTEMPATH\CodeIgniter.php(951): App\Controllers\Trabajo->index()
 5 SYSTEMPATH\CodeIgniter.php(497): CodeIgniter\CodeIgniter->runController(Object(App\Controllers\Trabajo))
 6 SYSTEMPATH\CodeIgniter.php(340): CodeIgniter\CodeIgniter->handleRequest(null, Object(Config\Cache), false)
 7 SYSTEMPATH\Boot.php(417): CodeIgniter\CodeIgniter->run()
 8 SYSTEMPATH\Boot.php(68): CodeIgniter\Boot::runCodeIgniter(Object(CodeIgniter\CodeIgniter))
 9 FCPATH\index.php(59): CodeIgniter\Boot::bootWeb(Object(Config\Paths))
CRITICAL - 2026-03-13 06:00:06 --> CodeIgniter\View\Exceptions\ViewException: Invalid file: "trabajo.php"
[Method: GET, Route: trabajo]
in SYSTEMPATH\Exceptions\FrameworkException.php on line 39.
 1 SYSTEMPATH\View\View.php(226): CodeIgniter\Exceptions\FrameworkException::forInvalidFile('trabajo.php')
 2 SYSTEMPATH\Common.php(1250): CodeIgniter\View\View->render('trabajo', [], true)
 3 APPPATH\Controllers\Trabajo.php(19): view('trabajo', [...])
 4 SYSTEMPATH\CodeIgniter.php(951): App\Controllers\Trabajo->index()
 5 SYSTEMPATH\CodeIgniter.php(497): CodeIgniter\CodeIgniter->runController(Object(App\Controllers\Trabajo))
 6 SYSTEMPATH\CodeIgniter.php(340): CodeIgniter\CodeIgniter->handleRequest(null, Object(Config\Cache), false)
 7 SYSTEMPATH\Boot.php(417): CodeIgniter\CodeIgniter->run()
 8 SYSTEMPATH\Boot.php(68): CodeIgniter\Boot::runCodeIgniter(Object(CodeIgniter\CodeIgniter))
 9 FCPATH\index.php(59): CodeIgniter\Boot::bootWeb(Object(Config\Paths))
